# dmidecode 3.2
Getting SMBIOS data from sysfs.
SMBIOS 2.8 present.
20 structures occupying 1042 bytes.
Table at 0x6FA9A020.

Handle 0x0000, DMI type 0, 26 bytes
BIOS Information
	Vendor: coreboot
	Version: 4.10-754-gb9f5891da5f-dirty
	Release Date: 09/22/2019
	ROM Size: 16 MB
	Characteristics:
		PCI is supported
		PC Card (PCMCIA) is supported
		BIOS is upgradeable
		Selectable boot is supported
		ACPI is supported
		Targeted content distribution is supported
	BIOS Revision: 4.10
	Firmware Revision: 0.0

Handle 0x0001, DMI type 1, 27 bytes
System Information
	Manufacturer: Supermicro
	Product Name: X11SSM-F
	Version: 1.0
	Serial Number: 123456789
	UUID: Not Settable
	Wake-up Type: Reserved
	SKU Number: Not Specified
	Family: Supermicro_X11_LGA1151

Handle 0x0002, DMI type 2, 14 bytes
Base Board Information
	Manufacturer: Supermicro
	Product Name: X11SSM-F
	Version: 1.0
	Serial Number: 123456789
	Asset Tag: Not Specified
	Features: None
	Location In Chassis: Not Specified
	Chassis Handle: 0x0003
	Type: Unknown

Handle 0x0003, DMI type 3, 22 bytes
Chassis Information
	Manufacturer: Supermicro
	Type: Desktop
	Lock: Not Present
	Version: Not Specified
	Serial Number: Not Specified
	Asset Tag: Not Specified
	Boot-up State: Safe
	Power Supply State: Safe
	Thermal State: Safe
	Security Status: None
	OEM Information: 0x00000000
	Height: Unspecified
	Number Of Power Cords: Unspecified
	Contained Elements: 0
	SKU Number: Not Specified

Handle 0x0004, DMI type 4, 42 bytes
Processor Information
	Socket Designation: Not Specified
	Type: Central Processor
	Family: Pentium Pro
	Manufacturer: GenuineIntel
	ID: E9 06 09 00 FF FB EB BF
	Signature: Type 0, Family 6, Model 158, Stepping 9
	Flags:
		FPU (Floating-point unit on-chip)
		VME (Virtual mode extension)
		DE (Debugging extension)
		PSE (Page size extension)
		TSC (Time stamp counter)
		MSR (Model specific registers)
		PAE (Physical address extension)
		MCE (Machine check exception)
		CX8 (CMPXCHG8 instruction supported)
		APIC (On-chip APIC hardware supported)
		SEP (Fast system call)
		MTRR (Memory type range registers)
		PGE (Page global enable)
		MCA (Machine check architecture)
		CMOV (Conditional move instruction supported)
		PAT (Page attribute table)
		PSE-36 (36-bit page size extension)
		CLFSH (CLFLUSH instruction supported)
		DS (Debug store)
		ACPI (ACPI supported)
		MMX (MMX technology supported)
		FXSR (FXSAVE and FXSTOR instructions supported)
		SSE (Streaming SIMD extensions)
		SSE2 (Streaming SIMD extensions 2)
		SS (Self-snoop)
		HTT (Multi-threading)
		TM (Thermal monitor supported)
		PBE (Pending break enabled)
	Version: Intel(R) Xeon(R) CPU E3-1230 v6 @ 3.50GHz
	Voltage: Unknown
	External Clock: Unknown
	Max Speed: Unknown
	Current Speed: Unknown
	Status: Unpopulated
	Upgrade: Unknown
	L1 Cache Handle: 0x0006
	L2 Cache Handle: 0x0007
	L3 Cache Handle: 0x0008
	Serial Number: Not Specified
	Asset Tag: Not Specified
	Part Number: Not Specified
	Core Count: 16
	Characteristics: None

Handle 0x0005, DMI type 7, 27 bytes
Cache Information
	Socket Designation: CACHE0
	Configuration: Enabled, Not Socketed, Level 1
	Operational Mode: Unknown
	Location: Internal
	Installed Size: 32 kB
	Maximum Size: 32 kB
	Supported SRAM Types:
		Unknown
	Installed SRAM Type: Unknown
	Speed: Unknown
	Error Correction Type: Unknown
	System Type: Data
	Associativity: 8-way Set-associative

Handle 0x0006, DMI type 7, 27 bytes
Cache Information
	Socket Designation: CACHE1
	Configuration: Enabled, Not Socketed, Level 1
	Operational Mode: Unknown
	Location: Internal
	Installed Size: 32 kB
	Maximum Size: 32 kB
	Supported SRAM Types:
		Unknown
	Installed SRAM Type: Unknown
	Speed: Unknown
	Error Correction Type: Unknown
	System Type: Instruction
	Associativity: 8-way Set-associative

Handle 0x0007, DMI type 7, 27 bytes
Cache Information
	Socket Designation: CACHE2
	Configuration: Enabled, Not Socketed, Level 2
	Operational Mode: Unknown
	Location: Internal
	Installed Size: 256 kB
	Maximum Size: 256 kB
	Supported SRAM Types:
		Unknown
	Installed SRAM Type: Unknown
	Speed: Unknown
	Error Correction Type: Unknown
	System Type: Unified
	Associativity: 4-way Set-associative

Handle 0x0008, DMI type 7, 27 bytes
Cache Information
	Socket Designation: CACHE3
	Configuration: Enabled, Not Socketed, Level 3
	Operational Mode: Unknown
	Location: Internal
	Installed Size: 8192 kB
	Maximum Size: 8192 kB
	Supported SRAM Types:
		Unknown
	Installed SRAM Type: Unknown
	Speed: Unknown
	Error Correction Type: Unknown
	System Type: Unified
	Associativity: 16-way Set-associative

Handle 0x0009, DMI type 17, 40 bytes
Memory Device
	Array Handle: 0x0000
	Error Information Handle: Not Provided
	Total Width: 72 bits
	Data Width: 64 bits
	Size: 8192 MB
	Form Factor: DIMM
	Set: None
	Locator: Channel-0-DIMM-0
	Bank Locator: BANK 0
	Type: DDR4
	Type Detail: Synchronous
	Speed: 2400 MT/s
	Manufacturer: Kingston
	Serial Number: ed110114
	Asset Tag: Not Specified
	Part Number: 9965643-006.A01G
	Rank: 1
	Configured Memory Speed: 2400 MT/s
	Minimum Voltage: 1.2 V
	Maximum Voltage: 1.2 V
	Configured Voltage: 1.2 V

Handle 0x000A, DMI type 17, 40 bytes
Memory Device
	Array Handle: 0x0000
	Error Information Handle: Not Provided
	Total Width: 72 bits
	Data Width: 64 bits
	Size: 8192 MB
	Form Factor: DIMM
	Set: None
	Locator: Channel-0-DIMM-1
	Bank Locator: BANK 0
	Type: DDR4
	Type Detail: Synchronous
	Speed: 2400 MT/s
	Manufacturer: Samsung
	Serial Number: 35f3a300
	Asset Tag: Not Specified
	Part Number: M391A1G43EB1-CRC
	Rank: 2
	Configured Memory Speed: 2400 MT/s
	Minimum Voltage: 1.2 V
	Maximum Voltage: 1.2 V
	Configured Voltage: 1.2 V

Handle 0x000B, DMI type 17, 40 bytes
Memory Device
	Array Handle: 0x0000
	Error Information Handle: Not Provided
	Total Width: 72 bits
	Data Width: 64 bits
	Size: 8192 MB
	Form Factor: DIMM
	Set: None
	Locator: Channel-1-DIMM-0
	Bank Locator: BANK 0
	Type: DDR4
	Type Detail: Synchronous
	Speed: 2400 MT/s
	Manufacturer: Kingston
	Serial Number: ec308d05
	Asset Tag: Not Specified
	Part Number: 9965643-006.A01G
	Rank: 1
	Configured Memory Speed: 2400 MT/s
	Minimum Voltage: 1.2 V
	Maximum Voltage: 1.2 V
	Configured Voltage: 1.2 V

Handle 0x000C, DMI type 17, 40 bytes
Memory Device
	Array Handle: 0x0000
	Error Information Handle: Not Provided
	Total Width: 72 bits
	Data Width: 64 bits
	Size: 8192 MB
	Form Factor: DIMM
	Set: None
	Locator: Channel-1-DIMM-1
	Bank Locator: BANK 0
	Type: DDR4
	Type Detail: Synchronous
	Speed: 2400 MT/s
	Manufacturer: Kingston
	Serial Number: f0106fa8
	Asset Tag: Not Specified
	Part Number: 9965684-005.A00G
	Rank: 1
	Configured Memory Speed: 2400 MT/s
	Minimum Voltage: 1.2 V
	Maximum Voltage: 1.2 V
	Configured Voltage: 1.2 V

Handle 0x000D, DMI type 32, 11 bytes
System Boot Information
	Status: No errors detected

Handle 0x000E, DMI type 16, 23 bytes
Physical Memory Array
	Location: System Board Or Motherboard
	Use: System Memory
	Error Correction Type: None
	Maximum Capacity: 32 GB
	Error Information Handle: Not Provided
	Number Of Devices: 4

Handle 0x000F, DMI type 41, 11 bytes
Onboard Device
	Reference Designation: SATA controller
	Type: SATA Controller
	Status: Enabled
	Type Instance: 0
	Bus Address: 0000:00:17.0

Handle 0x0010, DMI type 41, 11 bytes
Onboard Device
	Reference Designation: Ethernet controller
	Type: Ethernet
	Status: Enabled
	Type Instance: 0
	Bus Address: 0000:03:00.0

Handle 0x0011, DMI type 38, 18 bytes
IPMI Device Information
	Interface Type: KCS (Keyboard Control Style)
	Specification Version: 2.0
	I2C Slave Address: 0x00
	NV Storage Device: Not Present
	Base Address: 0x0000000000000CA2 (I/O)
	Register Spacing: Successive Byte Boundaries

Handle 0x0012, DMI type 41, 11 bytes
Onboard Device
	Reference Designation: VGA compatible controller
	Type: Video
	Status: Enabled
	Type Instance: 0
	Bus Address: 0000:06:00.0

Handle 0x0013, DMI type 127, 4 bytes
End Of Table

